15:07:17: OCHA_Tea@Vanilla: よｗｗ
15:07:33: OCHA_Tea@Vanilla: ダイヤね
15:07:46: OCHA_Tea@Vanilla: 見つけたんだけど、１個鉱脈*1
15:07:52: OCHA_Tea@Vanilla: *２だ
15:09:01: OCHA_Tea@Vanilla: 課題やりながらだから
15:09:13: OCHA_Tea@Vanilla: ちょいちょい放置しながらしてるｗ
15:15:45: OCHA_Tea@Vanilla: de
15:15:47: OCHA_Tea@Vanilla: dedetyan
15:15:49: OCHA_Tea@Vanilla: dedetyan
15:15:53: OCHA_Tea@Vanilla: dedetyanなにしてる
15:16:16: OCHA_Tea@Vanilla: ほぉ
15:16:27: OCHA_Tea@Vanilla: ダイヤが全然ないｗ
15:16:34: OCHA_Tea@Vanilla: あっても単体ww
15:21:28: OCHA_Tea@Vanilla: おｋ
15:21:32: OCHA_Tea@Vanilla: みてなかった
15:23:17: OCHA_Tea@Vanilla: 画面の揺れで洞窟探しても全然ないｗ
15:23:34: OCHA_Tea@Vanilla: これグリッヂ？
15:24:30: OCHA_Tea@Vanilla: www
15:24:40: OCHA_Tea@Vanilla: お
15:25:08: OCHA_Tea@Vanilla: おおい！！
15:25:11: OCHA_Tea@Vanilla: 6!!!
15:25:36: OCHA_Tea@Vanilla: カズクラかて
15:26:03: OCHA_Tea@Vanilla: AFK
15:28:24: OCHA_Tea@Vanilla: ぼくもエンチャントするぜ！！
15:30:49: OCHA_Tea@Vanilla: FQ
15:30:51: OCHA_Tea@Vanilla: FUQ
15:31:10: OCHA_Tea@Vanilla: 牛の皮ないとｗ
15:31:44: OCHA_Tea@Vanilla: まて
15:31:46: OCHA_Tea@Vanilla: なにこれ
15:31:55: OCHA_Tea@Vanilla: これなに！？！？！？！？！？
15:32:07: OCHA_Tea@Vanilla: めっちゃ怖いのいるｗｗｗｗｗ
15:32:12: OCHA_Tea@Vanilla: やばいきもい爆笑
15:32:29: OCHA_Tea@Vanilla: なんか特徴ある？ｗ
15:32:35: OCHA_Tea@Vanilla: 普通の攻撃だけ？強い？
15:32:49: OCHA_Tea@Vanilla: これ
15:33:03: OCHA_Tea@Vanilla: 攻撃のしかたがドラクエのキメラｗｗｗ
15:33:45: OCHA_Tea@Vanilla: www
15:34:10: OCHA_Tea@Vanilla: Double BED
15:34:24: OCHA_Tea@Vanilla: 最後はフェニックスになったな・・・。
15:34:35: OCHA_Tea@Vanilla: ウソップ的な
15:35:00: OCHA_Tea@Vanilla: 食料に困っている
15:35:27: OCHA_Tea@Vanilla: 作りたい
15:35:40: OCHA_Tea@Vanilla: 家もつくりたい、聖地もしたい、マイクラ楽しい
15:36:28: OCHA_Tea@Vanilla: ちょいAFK
15:36:47: OCHA_Tea@Vanilla: 寝ないと出てくる幻影ってマイクラも進化したもんだｗｗｗ
15:37:14: OCHA_Tea@Vanilla: キツネ出るらしいね
15:37:19: OCHA_Tea@Vanilla: Twitterで流れてきた
15:48:59: OCHA_Tea@Vanilla: ででちゃん
15:49:08: OCHA_Tea@Vanilla: ダークオークの森ない？
15:49:45: OCHA_Tea@Vanilla: c'mon
15:49:47: OCHA_Tea@Vanilla: 寝よう
15:49:53: OCHA_Tea@Vanilla: 寝よう
15:49:59: OCHA_Tea@Vanilla: Good night
15:50:08: OCHA_Tea@Vanilla: Good morning
15:52:37: OCHA_Tea@Vanilla: dedetyan
15:52:45: OCHA_Tea@Vanilla: 俺が青ね
16:04:46: OCHA_Tea@Vanilla: /ping
17:11:14: OCHA_Tea@Vanilla: /co inspect
17:11:21: OCHA_Tea@Vanilla: a
17:11:32: OCHA_Tea@Vanilla: /co inspect
