06:18:56: nekochan321@Lobby_01: /gban
06:18:58: nekochan321@Lobby_01: /mcban
06:18:59: nekochan321@Lobby_01: /mcbans
06:19:01: nekochan321@Lobby_01: /mcbans
06:19:29: nekochan321@Lobby_01: /s
06:19:31: nekochan321@Lobby_01: /server
06:19:34: nekochan321@Lobby_01: /pl
06:19:37: nekochan321@Lobby_01: /skript
06:20:10: nekochan321@Lobby_01: /login nekochan321
06:20:11: nekochan321@Lobby_01: /login password
06:20:12: nekochan321@Lobby_01: /login passwort
06:20:13: nekochan321@Lobby_01: /login password1
06:20:14: nekochan321@Lobby_01: /login passwort1
06:20:15: nekochan321@Lobby_01: /login password123
06:20:16: nekochan321@Lobby_01: /login passwort123
06:20:17: nekochan321@Lobby_01: /login pass
06:20:18: nekochan321@Lobby_01: /login pw
06:20:19: nekochan321@Lobby_01: /login pw1
06:20:20: nekochan321@Lobby_01: /login pw123
06:20:21: nekochan321@Lobby_01: /login hallo
06:20:22: nekochan321@Lobby_01: /login Wurst
06:20:23: nekochan321@Lobby_01: /login wurst
06:20:24: nekochan321@Lobby_01: /login 1234
06:20:25: nekochan321@Lobby_01: /login 12345
06:20:26: nekochan321@Lobby_01: /login 123456
06:20:27: nekochan321@Lobby_01: /login 1234567
06:20:28: nekochan321@Lobby_01: /login 12345678
06:20:29: nekochan321@Lobby_01: /login 123456789
06:20:31: nekochan321@Lobby_01: a
06:20:44: nekochan321@Lobby_01: #.
