03:07:15: dedetyan@Lobby_01: /vm
03:07:57: dedetyan@Vanilla: /hub
03:14:38: dedetyan@Vanilla: /tp NoHackJustPvP
03:15:18: dedetyan@Vanilla: /co i
03:15:45: dedetyan@Vanilla: /pc open main
03:18:21: dedetyan@Vanilla: /mv spawn
03:18:43: dedetyan@Vanilla: /tp NoHackJustPvP
03:19:50: dedetyan@Vanilla: /co rollback u:terayama t:30d r:#global
03:20:34: dedetyan@Vanilla: /co i
03:22:02: dedetyan@Vanilla: /ban terayama Griefing
03:22:55: dedetyan@Vanilla: //wand
03:23:35: dedetyan@Vanilla: //wand
03:23:43: dedetyan@Vanilla: /pc open main
03:23:56: dedetyan@Vanilla: /hub
03:24:03: dedetyan@Lobby_01: /tp NoHackJustPvP
03:24:09: dedetyan@Lobby_01: /v
03:27:17: dedetyan@Lobby_01: /gamemode 1
03:27:35: dedetyan@Lobby_01: /minecraft:kill @e[r=5]
03:29:39: dedetyan@Vanilla: /tp NoHackJustPvP
03:31:25: dedetyan@Vanilla: /tp NoHackJustPvP
03:32:43: dedetyan@Vanilla: /replace grass 0
03:32:47: dedetyan@Vanilla: //replace grass 0
03:33:19: dedetyan@Vanilla: //cut
03:33:29: dedetyan@Vanilla: /oi terayama
03:33:56: dedetyan@Vanilla: /tp NoHackJustPvP
03:36:43: dedetyan@Vanilla: /co rollback u:#TNT t:1h r:#global
03:36:49: dedetyan@Vanilla: /co rollback u:#TNT t:30d r:#global
03:40:29: dedetyan@Vanilla: /oi terayama
03:44:05: dedetyan@Vanilla: /co rollback u:#ender_crystal t:30d r:#global
03:44:14: dedetyan@Vanilla: /co rollback u:#endercrystal t:30d r:#global
03:44:55: dedetyan@Vanilla: /co help
03:45:33: dedetyan@Vanilla: /gm 3
03:45:54: dedetyan@Vanilla: /gm 1
03:45:57: dedetyan@Vanilla: /co near
03:46:02: dedetyan@Vanilla: /co near
03:46:16: dedetyan@Vanilla: /co near
03:49:12: dedetyan@Vanilla: /co rollback t:30d r:5
03:49:22: dedetyan@Vanilla: /co rollback t:5d r:5
03:49:26: dedetyan@Vanilla: /co rollback t:5d r:6
03:49:34: dedetyan@Vanilla: /co rollback t:5d r:2
03:50:32: dedetyan@Vanilla: /tp NoHackJustPvP
03:50:54: dedetyan@Vanilla: /gm 3
03:51:14: dedetyan@Vanilla: /tp NoHackJustPvP
03:51:23: dedetyan@Vanilla: /gm 1
03:52:17: dedetyan@Vanilla: /gm 3
03:52:26: dedetyan@Vanilla: /co rollback t:5d r:10
03:54:13: dedetyan@Vanilla: /co rollback t:5d r:10
03:54:29: dedetyan@Vanilla: /co rollback t:5d r:10
03:55:52: dedetyan@Vanilla: /mv spawn
03:55:58: dedetyan@Vanilla: //wand
03:56:01: dedetyan@Vanilla: /gm 1
03:56:10: dedetyan@Vanilla: //expand 3
03:56:15: dedetyan@Vanilla: //expand 30
03:56:23: dedetyan@Vanilla: /rg
03:56:41: dedetyan@Vanilla: /rg region spawn_center
03:57:37: dedetyan@Vanilla: /rg define spawn_center
03:58:09: dedetyan@Vanilla: //expand 3
03:58:12: dedetyan@Vanilla: //expand 30
03:58:30: dedetyan@Vanilla: /rg define spawn_north
03:58:49: dedetyan@Vanilla: //expand 3
03:58:52: dedetyan@Vanilla: //expand 30
03:59:18: dedetyan@Vanilla: /rg define spawn_south
03:59:41: dedetyan@Vanilla: //expand 3
03:59:44: dedetyan@Vanilla: //expand 30
03:59:51: dedetyan@Vanilla: /rg define spawn_east
04:00:08: dedetyan@Vanilla: /tp NoHackJustPvP
04:00:14: dedetyan@Vanilla: /tp NoHackJustPvP
04:00:28: dedetyan@Vanilla: /oi terayama
04:01:30: dedetyan@Vanilla: /lwc
04:01:58: dedetyan@Vanilla: /c
04:02:01: dedetyan@Vanilla: /c help
04:02:09: dedetyan@Vanilla: /lwc
04:03:05: dedetyan@Vanilla: /mv tp world
04:05:06: dedetyan@Vanilla: /rg info
04:05:16: dedetyan@Vanilla: /mv spawn
04:05:32: dedetyan@Vanilla: //expand 3
04:05:38: dedetyan@Vanilla: //expand 30
04:05:53: dedetyan@Vanilla: /rg list
04:06:05: dedetyan@Vanilla: /rg define spawn_east
04:06:07: dedetyan@Vanilla: /rg define spawn_eas
04:06:14: dedetyan@Vanilla: /rg remove spawn_eas
04:06:19: dedetyan@Vanilla: /rg define spawn_west
04:06:25: dedetyan@Vanilla: /tp NoHackJustPvP
04:06:37: dedetyan@Vanilla: /co i
04:06:43: dedetyan@Vanilla: /co i
04:06:52: dedetyan@Vanilla: /cremove
04:06:55: dedetyan@Vanilla: /cremove
04:07:12: dedetyan@Vanilla: /cremove
04:07:14: dedetyan@Vanilla: /cremove
04:08:26: dedetyan@Vanilla: /tp NoHackJustPvP
04:10:00: dedetyan@Vanilla: /tp NoHackJustPvP
04:10:22: dedetyan@Vanilla: /tp NoHackJustPvP
04:10:55: dedetyan@Vanilla: /gm 3
04:11:32: dedetyan@Vanilla: /scriptblock:sbinteract reload
04:11:38: dedetyan@Vanilla: /gm 1
04:12:42: dedetyan@Vanilla: /tp NoHackJustPvP
04:13:06: dedetyan@Vanilla: /co i
04:13:13: dedetyan@Vanilla: /co i
04:15:28: dedetyan@Vanilla: /mv spawn
04:15:42: dedetyan@Vanilla: /tp NoHackJustPvP
04:16:52: dedetyan@Vanilla: /tp NoHackJustPvP
16:32:40: dedetyan@Login: /command
16:32:42: dedetyan@Login: /commandtimer
16:38:28: dedetyan@Login: /commandtimer
16:39:29: dedetyan@Login: /commandtimer reload
16:39:32: dedetyan@Login: /stop
16:40:39: dedetyan@Login: /commandtimer reload
16:40:51: dedetyan@Login: /commandtimer
16:40:56: dedetyan@Login: /stop
16:41:23: dedetyan@Login: /commandtimer
16:41:27: dedetyan@Login: /commandtimer
16:42:54: dedetyan@Login: /command
16:42:56: dedetyan@Login: /commandtimer
16:48:26: dedetyan@Login: /commandtimer
17:03:32: dedetyan@Login: /commandtimer
17:07:58: dedetyan@Login: /commandtimer
17:10:29: dedetyan@Login: /stop
17:25:51: dedetyan@Login: /commandtimer
17:28:03: dedetyan@Login: /commandtimer
17:31:58: dedetyan@Login: /commandtimer
17:34:02: dedetyan@Login: /commandtimer
17:34:51: dedetyan@Login: /commandtimer
17:35:17: dedetyan@Login: /stop
17:57:02: dedetyan@Lobby_01: /gm 1
17:57:04: dedetyan@Lobby_01: /gamemdoe 1
17:57:06: dedetyan@Lobby_01: /gamemode 1
17:57:13: dedetyan@Lobby_01: /kill @e[r=1]
17:57:18: dedetyan@Lobby_01: /v
18:04:30: dedetyan@Vanilla: aaaaaaaaaaa
18:04:34: dedetyan@Vanilla: //wand
18:04:38: dedetyan@Vanilla: /pc
18:04:43: dedetyan@Vanilla: /pc open main
18:04:52: dedetyan@Vanilla: //cut
18:04:54: dedetyan@Vanilla: //undo
18:05:32: dedetyan@Vanilla: //replace grass 0
18:05:56: dedetyan@Vanilla: aaaaaaaaaaa
18:06:41: dedetyan@Vanilla: //replace poppy 0
18:07:52: dedetyan@Vanilla: //replace POTTED_DANDELION 0
18:08:03: dedetyan@Vanilla: //replace DANDELION 0
18:08:16: dedetyan@Vanilla: /weather clear
18:09:10: dedetyan@Vanilla: //replace grass 0
18:09:20: dedetyan@Vanilla: //replace DANDELION 0
18:09:24: dedetyan@Vanilla: //replace poppy 0
18:10:45: dedetyan@Vanilla: /hub
18:13:51: dedetyan@Vanilla: /rg
18:13:53: dedetyan@Vanilla: /rg
18:13:56: dedetyan@Vanilla: /pl
18:19:52: dedetyan@Vanilla: /stop
18:20:55: dedetyan@Vanilla: /rg
18:20:59: dedetyan@Vanilla: //wand
18:29:48: dedetyan@Vanilla: //wand
18:29:49: dedetyan@Vanilla: /rg
18:29:58: dedetyan@Vanilla: /mvtp world
18:30:09: dedetyan@Vanilla: /rg info
18:30:30: dedetyan@Vanilla: //cut
18:31:06: dedetyan@Vanilla: /hub
18:38:39: dedetyan@Vanilla: /pp
18:39:19: dedetyan@Vanilla: /pp
18:39:34: dedetyan@Vanilla: /pp
18:39:52: dedetyan@Vanilla: /pp
18:40:04: dedetyan@Vanilla: /pp
18:40:08: dedetyan@Vanilla: /ppo
18:40:10: dedetyan@Vanilla: /pp
18:40:44: dedetyan@Vanilla: /pp
18:40:50: dedetyan@Vanilla: /pp
18:40:55: dedetyan@Vanilla: /pp
18:41:12: dedetyan@Vanilla: /pp
18:43:04: dedetyan@Vanilla: /pp
19:01:18: dedetyan@Vanilla: /pp gui
19:14:16: dedetyan@Vanilla: /pp help
19:15:21: dedetyan@Vanilla: /pp help Fire Arrows
19:15:27: dedetyan@Vanilla: /pp add Fire Arrows
19:16:25: dedetyan@Vanilla: /pp effects
19:16:39: dedetyan@Vanilla: /pp add WITCH Arrows
19:17:38: dedetyan@Vanilla: /pp gui
19:17:48: dedetyan@Vanilla: /pp gui
19:18:13: dedetyan@Vanilla: /pp gui
19:18:50: dedetyan@Vanilla: /pp add FIRE Arrows
19:19:03: dedetyan@Vanilla: /pp add flame Arrows
19:22:49: dedetyan@Vanilla: /pp gui
20:46:16: dedetyan@Vanilla: /mvtp lobby
20:46:20: dedetyan@Vanilla: /mvtp world_lobby
20:46:41: dedetyan@Vanilla: /gm 3
20:46:45: dedetyan@Vanilla: /gm 1
20:47:07: dedetyan@Vanilla: /rg define lobby
20:47:13: dedetyan@Vanilla: /gm 3
20:47:18: dedetyan@Vanilla: /gm 1
20:54:28: dedetyan@Vanilla: /hub
20:58:43: dedetyan@Lobby_01: /regidter
21:07:57: dedetyan@Lobby_01: /hub
21:20:08: dedetyan@Lobby_01: /v
23:42:19: dedetyan@Lobby_01: /glist
23:42:31: dedetyan@Lobby_01: /v
