06:30:47: dedetyan@Vanilla: /stop
06:32:24: dedetyan@Vanilla: /hub
06:32:59: dedetyan@Lobby_01: /stop
06:40:02: dedetyan@Lobby_01: /stop
06:40:47: dedetyan@Lobby_01: /tm
06:41:00: dedetyan@Lobby_01: /tm set dedetyan 1550
06:47:37: dedetyan@Lobby_01: /stop
07:54:13: dedetyan@Lobby_01: /server test
07:54:23: dedetyan@Test: /pl
07:59:14: dedetyan@Test: /stop
08:00:18: dedetyan@Lobby_01: /server test
08:02:21: dedetyan@Test: /stop
08:02:57: dedetyan@Lobby_01: /server test
08:32:49: dedetyan@Lobby_01: /vote
08:32:52: dedetyan@Lobby_01: /vote ?
08:32:56: dedetyan@Lobby_01: /vote gui
09:05:48: dedetyan@Lobby_01: /stop
09:06:27: dedetyan@Lobby_01: /vote ?
09:07:19: dedetyan@Lobby_01: /av test dedetyan
09:07:25: dedetyan@Lobby_01: /av ?
09:14:31: dedetyan@Lobby_01: /av test
09:14:34: dedetyan@Lobby_01: /av ?
09:16:17: dedetyan@Lobby_01: /adminvote ConvertFrom GAL
09:17:50: dedetyan@Lobby_01: /vote
09:17:54: dedetyan@Lobby_01: /vote test
09:17:57: dedetyan@Lobby_01: /vote?
09:18:47: dedetyan@Lobby_01: /avvote
09:18:50: dedetyan@Lobby_01: /av vote
09:18:54: dedetyan@Lobby_01: /av reward
09:18:58: dedetyan@Lobby_01: /av ?
09:21:40: dedetyan@Lobby_01: /avGiveAllOnline
09:22:04: dedetyan@Lobby_01: /avGiveAllOnline
09:22:12: dedetyan@Lobby_01: /avGiveAll
