12:56:07: dedetyan@Vanilla: /gm 3
12:56:17: dedetyan@Vanilla: /gm 1
12:56:19: dedetyan@Vanilla: /glist
12:57:30: dedetyan@Vanilla: /hub
12:57:58: dedetyan@Lobby_01: /viaver
12:58:00: dedetyan@Lobby_01: /viaver list
12:59:10: dedetyan@Lobby_01: /ffa
12:59:30: dedetyan@Lobby_01: /ffa
13:00:53: dedetyan@Lobby_01: /v
13:01:27: dedetyan@Lobby_01: /server ffasever
13:01:32: dedetyan@Lobby_01: /send
13:30:46: dedetyan@Vanilla: /gm 3
13:35:04: dedetyan@Vanilla: /gm 1
13:39:29: dedetyan@Vanilla: /gm 3
13:41:17: dedetyan@Lobby_01: /vn
13:41:49: dedetyan@Vanilla: /gm 1
13:41:59: dedetyan@Vanilla: /gm 3
13:42:48: dedetyan@Vanilla: /gm 1
13:44:16: dedetyan@Vanilla: /gm 3
13:44:28: dedetyan@Vanilla: /gm 1
13:46:54: dedetyan@Vanilla: /gm 3
14:54:39: dedetyan@Vanilla: /gm 3
15:56:59: dedetyan@Lobby_01: /tm add NoHackJustPvP 70
15:59:41: dedetyan@Lobby_01: /animatedmenu reload
15:59:56: dedetyan@Lobby_01: /tm add NoHackJustPvP 50
16:02:10: dedetyan@Lobby_01: /v
16:05:09: dedetyan@Lobby_01: https://minecraft.jp/servers/lucknetwork.jp#/stats
16:05:33: dedetyan@Lobby_01: https://minecraft.jp/servers/lucknetwork.jp#/stats
16:09:50: dedetyan@Lobby_01: 刹那 元年
16:11:26: dedetyan@Lobby_01: /viaver list
16:16:06: dedetyan@Vanilla: /gm 1
16:18:02: dedetyan@Vanilla: /gm 3
16:18:23: dedetyan@Vanilla: /gm 1
16:19:51: dedetyan@Vanilla: /gm 0
16:20:05: dedetyan@Vanilla: /rg
16:21:38: dedetyan@Vanilla: /gm 3
16:21:48: dedetyan@Vanilla: /difficulty hard
16:22:31: dedetyan@Vanilla: /gm 1
16:25:55: dedetyan@Vanilla: /chestcommands:cc open
16:26:04: dedetyan@Vanilla: /chestcommands:cc open spawnselect RenSuzui
16:26:11: dedetyan@Vanilla: /chestcommands:cc open spawnselect RenSuzui
16:26:17: dedetyan@Vanilla: /gm 3
16:28:36: dedetyan@Vanilla: /weather clear
16:28:41: dedetyan@Vanilla: /chestcommands:cc open spawnselect RenSuzui
16:29:20: dedetyan@Vanilla: /gm 1
16:29:58: dedetyan@Vanilla: /chestcommands:cc open spawnselect RenSuzui
16:30:18: dedetyan@Vanilla: /gm 3
16:30:24: dedetyan@Vanilla: /chestcommands:cc open spawnselect RenSuzui
16:31:18: dedetyan@Vanilla: /chestcommands:cc open spawnselect RenSuzui
16:32:25: dedetyan@Vanilla: /chestcommands:cc open spawnselect RenSuzui
16:34:43: dedetyan@Vanilla: /chestcommands:cc open spawnselect RenSuzui
16:35:09: dedetyan@Vanilla: /gm 3
16:36:14: dedetyan@Vanilla: /gm 1
16:36:40: dedetyan@Vanilla: /time set 0
16:39:18: dedetyan@Vanilla: /gm 3
16:40:04: dedetyan@Vanilla: /gm 1
16:40:06: dedetyan@Vanilla: /gm 1
16:43:18: dedetyan@Vanilla: /gm 3
16:43:22: dedetyan@Vanilla: /gm 1
16:45:25: dedetyan@Vanilla: /gm 3
16:54:32: dedetyan@Vanilla: /gm 1
17:08:25: dedetyan@Vanilla: /gm 3
17:08:54: dedetyan@Vanilla: /gm 1
