15:06:45: dedetyan@Lobby_01: /vn
15:07:01: dedetyan@Vanilla: /gm 3
15:07:08: dedetyan@Vanilla: /gm 1
15:07:21: dedetyan@Vanilla: はろー
15:07:55: dedetyan@Vanilla: (´・ω・｀)
15:16:09: dedetyan@Vanilla: 調べごと
15:16:32: dedetyan@Vanilla: /gm 3
15:17:05: dedetyan@Vanilla: ガンバです(^^)/
15:18:18: dedetyan@Vanilla: サーバー再起動してもいいかな
15:18:37: dedetyan@Vanilla: すぐ起動するから
15:19:18: dedetyan@Vanilla: /bungee
15:20:59: dedetyan@Vanilla: 再起動するどん
15:21:32: dedetyan@Vanilla: /end
15:23:53: dedetyan@Vanilla: nn~
15:24:13: dedetyan@Vanilla: /gm 1
15:24:39: dedetyan@Vanilla: /gm 3
15:24:51: dedetyan@Vanilla: ww
15:25:22: dedetyan@Vanilla: ここで落ちるのがマインクラフター
15:29:24: dedetyan@Vanilla: 耐久力Ⅲ
15:29:30: dedetyan@Vanilla: 期待
15:32:06: dedetyan@Vanilla: ん？？
15:32:22: dedetyan@Vanilla: ファントムやね
15:32:46: dedetyan@Vanilla: まあまあ強いかも
15:33:14: dedetyan@Vanilla: 数日間寝てないと出てくる幻影的やつ
15:33:38: dedetyan@Vanilla: 要はたまには寝ろってことや
15:33:49: dedetyan@Vanilla: /gm 1
15:34:17: dedetyan@Vanilla: 意味深
15:34:34: dedetyan@Vanilla: 不死鳥(笑)
15:35:22: dedetyan@Vanilla: 牧場作ろう
15:35:52: dedetyan@Vanilla: GOOD
15:36:31: dedetyan@Vanilla: k
15:36:59: dedetyan@Vanilla: そだねえ
15:37:33: dedetyan@Vanilla: ほぇえ
15:37:46: dedetyan@Vanilla: あ、再起動してもいい？
15:37:56: dedetyan@Vanilla: /gm 3
15:38:09: dedetyan@Vanilla: /end
15:40:26: dedetyan@Lobby_01: /v
15:42:19: dedetyan@Lobby_01: !!
15:42:29: dedetyan@Lobby_01: /viaver list
15:49:28: dedetyan@Vanilla: んーどうだろ
15:49:44: dedetyan@Vanilla: すぐ近くにはなさそう
15:49:52: dedetyan@Vanilla: /gm
15:49:53: dedetyan@Vanilla: /gm 1
15:50:10: dedetyan@Vanilla: 朝チュン
15:50:32: dedetyan@Vanilla: /gm 3
15:54:04: dedetyan@Vanilla: ワロス
13:25:22: dedetyan@Lobby_01: /v
16:02:57: dedetyan@Vanilla: /gm 3
16:10:00: dedetyan@Vanilla: /gm 1
16:10:02: dedetyan@Vanilla: /gm 0
16:10:40: dedetyan@Vanilla: /gm 3
16:11:12: dedetyan@Vanilla: /tp OCHA_Tea dedetyan
16:11:36: dedetyan@Vanilla: /gm 1
16:13:17: dedetyan@Vanilla: /plugman load worldedit
16:13:41: dedetyan@Vanilla: /plugman unload worldedit
16:13:46: dedetyan@Vanilla: /gm 1
16:21:54: dedetyan@Vanilla: /gm 3
16:22:12: dedetyan@Vanilla: /gm 1
16:25:24: dedetyan@Vanilla: /gm 3
16:25:31: dedetyan@Vanilla: /stop
16:27:10: dedetyan@Vanilla: /gm 1
16:27:13: dedetyan@Vanilla: //wanf
16:27:14: dedetyan@Vanilla: //wand
16:27:29: dedetyan@Vanilla: //stack 15
16:27:32: dedetyan@Vanilla: //stack 15
16:27:39: dedetyan@Vanilla: //copy
16:27:47: dedetyan@Vanilla: //copy
16:27:53: dedetyan@Vanilla: //paste
