17:33:45: dedetyan@Lobby_01: /whitelist off
17:38:40: dedetyan@Lobby_01: /luckperms
17:38:44: dedetyan@Lobby_01: /luckperms help
17:53:41: dedetyan@Lobby_01: /stop
17:58:31: dedetyan@Lobby_01: /stop
17:59:35: dedetyan@Lobby_01: /proc
17:59:47: dedetyan@Lobby_01: /pc open main
17:59:59: dedetyan@Lobby_01: /pc open main
18:04:07: dedetyan@Lobby_01: /pc open main
18:10:49: dedetyan@Lobby_01: /pc open main
18:21:30: dedetyan@Lobby_01: /stop
18:38:09: dedetyan@Lobby_01: aaa
18:38:11: dedetyan@Lobby_01: /v
18:38:12: dedetyan@Lobby_01: a
18:45:52: dedetyan@Vanilla: /co i
18:46:49: dedetyan@Vanilla: a
18:49:40: dedetyan@Vanilla: /hub
19:25:42: dedetyan@Lobby_01: /stop
19:33:02: dedetyan@Lobby_01: /stop
19:37:00: dedetyan@Lobby_01: /whitlist off
19:37:05: dedetyan@Lobby_01: /whitelist off
20:01:52: dedetyan@Vanilla: /rg
