17:36:29: dedetyan@Lobby_01: /server test
17:37:03: dedetyan@Test: /ver
17:39:49: dedetyan@Lobby_01: /server test
17:40:47: dedetyan@Test: /gamerule doMobSpawning false
17:40:53: dedetyan@Test: /gamerule doFireTick false
17:42:34: dedetyan@Test: /knockback
18:35:53: dedetyan@Vanilla: /pc
18:39:54: dedetyan@Vanilla: /pc
18:39:59: dedetyan@Vanilla: /pc open main
18:40:21: dedetyan@Vanilla: /clear
18:40:22: dedetyan@Vanilla: /hub
18:41:23: dedetyan@Vanilla: /pc open main
18:43:25: dedetyan@Vanilla: /gm 0
18:43:29: dedetyan@Vanilla: /pc open main
18:43:34: dedetyan@Vanilla: /pc open main
18:43:54: dedetyan@Vanilla: /pc open main
18:43:57: dedetyan@Vanilla: /pc open main
18:44:01: dedetyan@Vanilla: /pc open main
18:44:25: dedetyan@Vanilla: /pc open main
18:44:40: dedetyan@Vanilla: /pc open main
18:45:36: dedetyan@Vanilla: /pc open main
18:46:21: dedetyan@Vanilla: /pc open main
18:47:38: dedetyan@Vanilla: /pc open main
18:47:52: dedetyan@Vanilla: /hyb
18:47:54: dedetyan@Vanilla: /hub
18:52:24: dedetyan@Vanilla: /pc open main
19:07:34: dedetyan@Vanilla: /pc reload
19:07:43: dedetyan@Vanilla: /pc open main
19:07:49: dedetyan@Vanilla: /stop
19:09:18: dedetyan@Vanilla: /pc open main
19:29:25: dedetyan@Vanilla: /pc open main
19:33:17: dedetyan@Vanilla: /hub
19:33:44: dedetyan@Lobby_01: /pc
19:33:50: dedetyan@Lobby_01: /pc open main
19:33:53: dedetyan@Lobby_01: /pc open main
19:36:48: dedetyan@Lobby_01: /stop
19:38:21: dedetyan@Vanilla: /stop
19:44:14: dedetyan@Vanilla: /pc open main
20:59:59: dedetyan@Vanilla: /whitelist off
21:00:06: dedetyan@Vanilla: /send all Vanilla
21:00:19: dedetyan@Vanilla: /tp OCHA_Tea
21:00:23: dedetyan@Vanilla: /gm 1
21:00:54: dedetyan@Vanilla: /pc open main
21:04:54: dedetyan@Vanilla: hai
21:07:21: dedetyan@Vanilla: /hub
21:07:48: dedetyan@Vanilla: /hub
21:08:15: dedetyan@Vanilla: /pc menu main
21:08:27: dedetyan@Vanilla: /pc open main
21:08:38: dedetyan@Vanilla: /mvtp world
21:08:49: dedetyan@Vanilla: /mvtp world_lobby
21:09:29: dedetyan@Vanilla: /gm 0
21:09:45: dedetyan@Vanilla: /weather clesar
21:11:00: dedetyan@Vanilla: nn
21:12:02: dedetyan@Vanilla: /gm 1
21:12:51: dedetyan@Vanilla: /time set 0
21:12:57: dedetyan@Vanilla: /gm 0
21:14:18: dedetyan@Vanilla: /tp o
21:17:35: dedetyan@Vanilla: でんこうせっか
21:19:24: dedetyan@Vanilla: /rg
21:20:51: dedetyan@Vanilla: /tp OCHA_Tea
21:21:18: dedetyan@Vanilla: /pc open main
21:21:44: dedetyan@Vanilla: /pc open main
21:22:05: dedetyan@Vanilla: /gm 1
21:22:16: dedetyan@Vanilla: /gm 0
21:24:25: dedetyan@Vanilla: /pc open main
21:29:19: dedetyan@Vanilla: /pc open main
21:29:42: dedetyan@Vanilla: /tp OCHA_Tea
21:29:50: dedetyan@Vanilla: /mvtp world
21:29:56: dedetyan@Vanilla: /gm 1
21:30:03: dedetyan@Vanilla: /pc open main
21:32:14: dedetyan@Vanilla: /tp OCHA_Tea
21:39:37: dedetyan@Vanilla: /gm 3
21:39:43: dedetyan@Vanilla: /weather clear
21:50:45: dedetyan@Vanilla: /gm 1
21:50:51: dedetyan@Vanilla: /co i
21:51:44: dedetyan@Vanilla: /ban RI4 Griefing
21:52:41: dedetyan@Vanilla: /co rollback u:hiro131 t:100d r:20
21:53:01: dedetyan@Vanilla: /co rollback u:hiro131 t:100d r:#global
21:53:34: dedetyan@Vanilla: /co rollback u:RI4 t:100d r:20
21:53:51: dedetyan@Vanilla: /co rollback u:RI4 t:100d r:#global
21:54:12: dedetyan@Vanilla: /co rollback u:kyuuketuki2794 t:100d r:#global
21:54:27: dedetyan@Vanilla: /oi kyuuketuki2794
21:54:30: dedetyan@Vanilla: /tp OCHA_Tea
21:55:00: dedetyan@Vanilla: /ban kyuuketuki2794 Griefing
21:55:14: dedetyan@Vanilla: /ban hiro131 Griefing
