01:30:26: dedetyan@Lobby_01: /dchat reload
01:31:15: dedetyan@Lobby_01: /dmenu reload
01:33:01: dedetyan@Lobby_01: /gamemode 1 Napstablock
03:00:23: dedetyan@Lobby_01: /end
03:03:19: dedetyan@Lobby_01: /glist
03:03:31: dedetyan@Lobby_01: /glist lobby_01
03:05:42: dedetyan@Lobby_01: /glist -g
03:08:16: dedetyan@Lobby_01: /end
03:09:12: dedetyan@Lobby_01: /glist
03:09:28: dedetyan@Lobby_01: /glist -sp
03:09:32: dedetyan@Lobby_01: /glist -sp
03:09:38: dedetyan@Lobby_01: /glist -a
03:12:24: dedetyan@Lobby_01: /glist
03:12:41: dedetyan@Lobby_01: /glist -a
03:12:46: dedetyan@Lobby_01: /glist -a
03:12:51: dedetyan@Lobby_01: /glist -sp
03:45:24: dedetyan@Lobby_01: /dmenu reload
04:10:11: dedetyan@Lobby_01: /lp editor
04:11:08: dedetyan@Lobby_01: /lp applyedits OStc4WUhWw
04:12:05: dedetyan@Lobby_01: /lp group jr-moderator rename Helper
04:12:35: dedetyan@Lobby_01: /lp deletegroup jr-moderator
04:17:38: dedetyan@Lobby_01: /v
04:18:15: dedetyan@Lobby_01: /gamemode 1
04:18:20: dedetyan@Lobby_01: //wand
04:18:26: dedetyan@Lobby_01: /gamemode 1 Napstablock
04:19:02: dedetyan@Lobby_01: /buildmod
04:19:03: dedetyan@Lobby_01: /buildmodde
04:19:07: dedetyan@Lobby_01: /buildmode
04:34:57: dedetyan@Lobby_01: /dchat reload
04:35:00: dedetyan@Lobby_01: /dmenu reload
04:42:07: dedetyan@Lobby_01: /dmenu reload
04:42:24: dedetyan@Lobby_01: /dmenu reload
04:42:49: dedetyan@Lobby_01: /dmenu reload
04:43:17: dedetyan@Lobby_01: /dmenu reload
04:43:46: dedetyan@Lobby_01: /dmenu reload
04:55:01: dedetyan@Lobby_01: a
04:59:43: dedetyan@Lobby_01: /dmenu reload
04:59:44: dedetyan@Lobby_01: /dchat reload
04:59:47: dedetyan@Lobby_01: a
05:35:32: dedetyan@Lobby_01: /dmenu reload
06:00:55: dedetyan@Lobby_01: &6[&dCREATOR&6]
06:00:58: dedetyan@Lobby_01: /v
06:00:59: dedetyan@Lobby_01: &6[&dCREATOR&6]
06:01:04: dedetyan@Lobby_01: &6[&eCREATOR&6]
06:01:12: dedetyan@Lobby_01: &5[&dCREATOR&5]
06:01:24: dedetyan@Lobby_01: &5[&6CREATOR&5]
06:01:43: dedetyan@Lobby_01: &9[&bCREATOR&9]
06:01:58: dedetyan@Lobby_01: &4[&cCREATOR&4]
06:02:06: dedetyan@Lobby_01: &4[&cSTREAMER&4]
06:02:38: dedetyan@Lobby_01: &4[&cSTREAMER&4]&K&l&aA
06:02:41: dedetyan@Lobby_01: &4[&cSTREAMER&4]&k&l&aA
06:02:45: dedetyan@Lobby_01: &4[&cSTREAMER&4]&k&aA
06:02:47: dedetyan@Lobby_01: &4[&cSTREAMER&4]&kA
06:03:02: dedetyan@Lobby_01: &4[&cSTREAMER&4] &a&l&kA
06:03:26: dedetyan@Lobby_01: &6[&cCREATOR&6]
06:03:29: dedetyan@Lobby_01: &6[&9CREATOR&6]
06:03:40: dedetyan@Lobby_01: &6[&9STREAMER&6]
06:03:42: dedetyan@Lobby_01: &6[&9CREATOR&6]
06:03:46: dedetyan@Lobby_01: &6[&cSTREAMER&6]
06:03:54: dedetyan@Lobby_01: &6[&bCREATOR&6]
06:04:08: dedetyan@Lobby_01: &6[&dSTREAMER&6]
06:04:35: dedetyan@Lobby_01: &6[&5STREAMER&6]
06:04:44: dedetyan@Lobby_01: &6[&3STREAMER&6]
06:05:00: dedetyan@Lobby_01: &6[&4STREAMER&6]
06:05:13: dedetyan@Lobby_01: &6[&4STREAMER+&6]
06:05:19: dedetyan@Lobby_01: &6[&4STREAMER&5+&6]
06:05:38: dedetyan@Lobby_01: &6[&4STR&5+&6]
06:05:48: dedetyan@Lobby_01: &6[&bCRE&6]
06:06:58: dedetyan@Lobby_01: &6[&bYOUTUBER&6]
06:07:23: dedetyan@Lobby_01: &6[&4YOUTUBER&6]
06:07:32: dedetyan@Lobby_01: &f[&cYOUTUBER&f]
06:07:42: dedetyan@Lobby_01: &f[&cYT&f]
06:08:44: dedetyan@Lobby_01: &f[&cYOUTUBER&f] &3[&bMVP&d+&3] &bdedetyan
06:13:51: dedetyan@Lobby_01: &f[&4YOUTUBER&f]
06:13:59: dedetyan@Lobby_01: &6[&4YOUTUBER&6]
06:14:30: dedetyan@Lobby_01: &f[&cYOUTUBER&f]
06:14:35: dedetyan@Lobby_01: /lp editor
06:15:54: dedetyan@Lobby_01: /lp applyedits RlX7mFIz9w
14:07:24: dedetyan@Vanilla: こんにちはー
14:07:53: dedetyan@Vanilla: /gm 3
14:08:04: dedetyan@Vanilla: /gm 1
14:14:47: dedetyan@Vanilla: /hub
14:26:09: dedetyan@Lobby_01: /dmenu reload
14:26:52: dedetyan@Lobby_01: /gamemode 1
14:26:57: dedetyan@Lobby_01: /sl
14:26:59: dedetyan@Lobby_01: /sl ?
14:27:11: dedetyan@Lobby_01: /sl buildmode
14:27:16: dedetyan@Lobby_01: /pl
14:29:00: dedetyan@Lobby_01: /stop
