18:31:59: dedetyan@Login: /command
18:32:02: dedetyan@Login: /commandtimer
18:36:12: dedetyan@Login: /stop
18:38:04: dedetyan@Login: /command
18:38:10: dedetyan@Login: /commandtimer
18:38:39: dedetyan@Login: /commandtimer
18:39:16: dedetyan@Login: /commandtimer
18:58:57: dedetyan@Login: /stop
19:00:37: dedetyan@Login: /commandschedulerplus
19:00:42: dedetyan@Login: /csp
19:00:54: dedetyan@Login: /csp create login_restart
19:01:04: dedetyan@Login: /csp deelte login_restart
19:01:12: dedetyan@Login: /csp deelte 1
19:01:20: dedetyan@Login: /csp delete login_restart
19:01:24: dedetyan@Login: /csp delete 1
19:03:09: dedetyan@Login: /stop
19:03:38: dedetyan@Login: /cps
19:06:26: dedetyan@Login: /cps creaste
19:06:28: dedetyan@Login: /cps
19:06:29: dedetyan@Login: /cps
19:06:31: dedetyan@Login: /csp
19:06:41: dedetyan@Login: /csp cteate --c /stop --r 60
19:06:49: dedetyan@Login: /csp create --c /stop --r 60
19:08:25: dedetyan@Login: /csp edit
19:08:29: dedetyan@Login: /csp edit 1
19:08:37: dedetyan@Login: /csp edit 0
19:08:39: dedetyan@Login: /csp edit
19:09:28: dedetyan@Login: /end
19:41:57: dedetyan@Login: /server Lobby_01
19:42:15: dedetyan@Lobby_01: /ver
19:42:30: dedetyan@Lobby_01: /viaver list
19:42:43: dedetyan@Lobby_01: /viaver list
19:42:55: dedetyan@Lobby_01: /viaver list
19:43:54: dedetyan@Login: /server test
19:43:57: dedetyan@Login: /server lobby
19:44:00: dedetyan@Login: /server Lobby_01
20:01:09: dedetyan@Login: /stop
20:09:06: dedetyan@Lobby_01: /alert a
20:09:10: dedetyan@Lobby_01: /alert 6aa
20:09:14: dedetyan@Lobby_01: /alert &6aa
20:09:17: dedetyan@Lobby_01: /glist
