08:45:20: Tawashi_yousuke@Lobby_01: ha
08:45:33: Tawashi_yousuke@Lobby_01: オフラインかよ
08:46:11: Tawashi_yousuke@Lobby_01: ＿(　_´ω`)_ﾍﾟｼｮ
08:46:19: Tawashi_yousuke@Lobby_01: ＿(                                    _´ω`)_ﾍﾟｼｮ
08:46:25: Tawashi_yousuke@Lobby_01: ＿(
08:46:29: Tawashi_yousuke@Lobby_01: ＿(                                    _´ω`)_ﾍﾟｼｮ
08:46:31: Tawashi_yousuke@Lobby_01: ＿(                                    _´ω`)_ﾍﾟｼｮ
08:46:32: Tawashi_yousuke@Lobby_01: ＿(                                    _´ω`)_ﾍﾟｼｮ
08:46:35: Tawashi_yousuke@Lobby_01: ＿(                                    _´ω`)_ﾍﾟｼｮ
08:46:44: Tawashi_yousuke@Lobby_01: ＿(´ω`)_ﾍﾟｼｮ
08:46:53: Tawashi_yousuke@Lobby_01: ＿(_´ω`)_ﾍﾟｼｮ
08:46:57: Tawashi_yousuke@Lobby_01: ＿( _´ω`)_ﾍﾟｼｮ
08:47:01: Tawashi_yousuke@Lobby_01: ＿(  _´ω`)_ﾍﾟｼｮ
08:47:04: Tawashi_yousuke@Lobby_01: ＿(  _´ω`)_ﾍﾟｼｮ
08:47:34: Tawashi_yousuke@Lobby_01: んじゃ飯食べて宿題終わったらでぃこでおくるね?
08:47:40: Tawashi_yousuke@Lobby_01: んじゃ飯食べて宿題終わったらでぃすこでおくるね?
08:47:58: Tawashi_yousuke@Lobby_01: ぬ?
08:48:20: Tawashi_yousuke@Lobby_01: mjsk
08:48:43: Tawashi_yousuke@Lobby_01: 畜生メー
08:49:02: Tawashi_yousuke@Lobby_01: iiyo
08:51:56: Tawashi_yousuke@Lobby_01: /hat
08:51:59: Tawashi_yousuke@Lobby_01: /hat
08:52:13: Tawashi_yousuke@Lobby_01: んじゃおちるは
08:52:38: Tawashi_yousuke@Lobby_01: じゃの
