00:09:02: Napstablock@Vanilla: /hub
02:56:58: Napstablock@Lobby_01: a
02:57:00: Napstablock@Lobby_01: aaa
03:25:02: Napstablock@Lobby_01: a
03:25:04: Napstablock@Lobby_01: u
03:25:56: Napstablock@Lobby_01: a
03:26:44: Napstablock@Lobby_01: a
03:26:47: Napstablock@Lobby_01: y
03:27:04: Napstablock@Lobby_01: ta
03:29:55: Napstablock@Lobby_01: r
03:30:10: Napstablock@Lobby_01: r
03:30:12: Napstablock@Lobby_01: tyh
03:51:41: Napstablock@Lobby_01: /tell dedetyan a
03:51:50: Napstablock@Lobby_01: /tell
03:51:54: Napstablock@Lobby_01: /tell dedetyan aaaaaaa
03:52:09: Napstablock@Lobby_01: /friend add dedetyan
12:47:15: Napstablock@Lobby_01: a
16:31:04: Napstablock@Lobby_01: aa
16:31:06: Napstablock@Lobby_01: aa
16:31:07: Napstablock@Lobby_01: aay
16:45:06: Napstablock@Lobby_01: a
16:45:08: Napstablock@Lobby_01: y
16:46:04: Napstablock@Lobby_01: a
16:47:15: Napstablock@Lobby_01: aaa
16:47:22: Napstablock@Lobby_01: aaaaaaaa
16:49:13: Napstablock@Lobby_01: ty
16:49:55: Napstablock@Lobby_01: aaaaaa
16:51:02: Napstablock@Lobby_01: aa
16:51:09: Napstablock@Lobby_01: yy
16:51:43: Napstablock@Lobby_01: aa
16:52:48: Napstablock@Lobby_01: tryg
16:56:04: Napstablock@Lobby_01: aaaaaaaaaaaa
16:57:26: Napstablock@Lobby_01: aat
16:58:24: Napstablock@Lobby_01: aaaaaw
16:59:15: Napstablock@Lobby_01: aaaw
16:59:50: Napstablock@Lobby_01: rg
17:00:09: Napstablock@Lobby_01: etg
17:01:00: Napstablock@Lobby_01: aaaaaaa
17:02:07: Napstablock@Lobby_01: ar
17:02:32: Napstablock@Lobby_01: taa
17:02:56: Napstablock@Lobby_01: aa
