23:01:49: yude@Lobby_01: /skript reload scripts
23:02:10: yude@Lobby_01: /skript reload scripts
23:05:14: yude@Lobby_01: /skript reload scripts
23:05:29: yude@Lobby_01: /skript reload scripts
23:05:45: yude@Lobby_01: /skript reload scripts
23:05:52: yude@Lobby_01: /skript reload scripts
23:05:58: yude@Lobby_01: /timecmd_count 10m
23:06:02: yude@Lobby_01: /timecmd_count 10 minutes
23:06:28: yude@Lobby_01: /timecmd_count 10 minutes
23:06:32: yude@Lobby_01: /skript reload scripts
23:09:06: yude@Lobby_01: /timecmd_count 10 minutes
23:09:09: yude@Lobby_01: /timecmd_count 10 minutes
23:09:57: yude@Lobby_01: /skript reload scripts
23:10:12: yude@Lobby_01: /skript reload scripts
23:10:45: yude@Lobby_01: /skript reload scripts
23:10:55: yude@Lobby_01: /skript reload scripts
23:11:03: yude@Lobby_01: /skript reload scripts
23:11:58: yude@Lobby_01: /skript reload scripts
23:12:05: yude@Lobby_01: /skript reload scripts
23:12:11: yude@Lobby_01: /skript reload scripts
23:12:23: yude@Lobby_01: /skript reload scripts
23:12:31: yude@Lobby_01: /skript reload scripts
23:12:49: yude@Lobby_01: /skript reload scripts
23:13:12: yude@Lobby_01: /skript reload scripts
23:14:05: yude@Lobby_01: /skript reload scripts
23:14:10: yude@Lobby_01: /timecmd_count 10 mi
23:14:10: yude@Lobby_01: /timecmd_count 10 m
23:14:12: yude@Lobby_01: /timecmd_count 10 m
23:14:14: yude@Lobby_01: /timecmd_count 10m
23:14:16: yude@Lobby_01: /timecmd_count 10 m
23:14:39: yude@Lobby_01: /timecmd_count 10 m
23:14:40: yude@Lobby_01: /timecmd_count 10 m
23:14:40: yude@Lobby_01: /timecmd_count 10 m
23:14:44: yude@Lobby_01: /timecmd_count 10 m
23:14:45: yude@Lobby_01: /timecmd_count 10 m
23:20:43: yude@Lobby_01: /skript reload scripts
23:20:59: yude@Lobby_01: /glist
23:21:14: yude@Lobby_01: /timecmd_count_s 2
23:21:15: yude@Lobby_01: /timecmd_count_s 2
23:21:19: yude@Lobby_01: /timecmd_count_m 2
23:29:58: yude@Lobby_01: /skript reload scripts
