22:13:30: yude@Lobby_01: /server vanilla
22:13:51: yude@Vanilla: /tp dedetyan
22:21:47: yude@Vanilla: /w dedetyan oyafura
22:30:04: yude@Vanilla: /tp dedetyan
22:47:53: yude@Vanilla: dedetyan joined the server
22:48:06: yude@Vanilla: a
22:48:08: yude@Vanilla: /tp d
22:48:31: yude@Vanilla: /gamerule
22:48:34: yude@Vanilla: /gamerule spectatorsGenerateChunks false
22:48:49: yude@Vanilla: /skull dedetyan
22:49:54: yude@Vanilla: /v
22:49:55: yude@Vanilla: /v
22:52:52: yude@Lobby_01: /glist
22:54:32: yude@Lobby_01: /send
22:54:33: yude@Lobby_01: /send
22:55:28: yude@Lobby_01: /vn
22:57:24: yude@Vanilla: 金正恩
22:57:43: yude@Vanilla: あなたも このサイトを WIX.com で作ってみませんか????????????????
22:59:04: yude@Vanilla: sasa_inu4
22:59:33: yude@Vanilla: 【Minecraft】生活鯖でハックを使う人を監視する動画
23:05:34: yude@Lobby_01: /vn
23:06:00: yude@Vanilla: ^^;
23:06:06: yude@Vanilla: /er
23:06:08: yude@Vanilla: /ver
23:06:09: yude@Vanilla: /version
23:06:50: yude@Vanilla: /tp dedetyan
23:06:55: yude@Vanilla: /v
23:11:59: yude@Vanilla: /co i
23:12:02: yude@Vanilla: /co i
23:12:02: yude@Vanilla: /co i
23:12:02: yude@Vanilla: /co i
23:12:04: yude@Vanilla: /co
23:12:07: yude@Vanilla: /coreprotect
23:12:07: yude@Vanilla: /pl
23:14:15: yude@Vanilla: /coc
23:14:16: yude@Vanilla: /co
23:14:17: yude@Vanilla: /co o
23:14:19: yude@Vanilla: /co i
23:14:28: yude@Vanilla: /co i
23:15:01: yude@Vanilla: /v
23:18:31: yude@Vanilla: /lp
23:18:33: yude@Vanilla: /lp help
23:18:39: yude@Vanilla: /lp log
23:18:42: yude@Vanilla: /lp log recent yude
23:23:17: yude@Vanilla: /skull yude 64
23:23:19: yude@Vanilla: /skull yude 64
23:23:20: yude@Vanilla: /skull yude 64
23:23:22: yude@Vanilla: /skull yude 64
23:25:23: yude@Vanilla: Google Pixel 3
23:25:50: yude@Vanilla: iPod touch 5th --> iPhone 7 --> Google Pixel 3
23:27:14: yude@Vanilla: /ot set NoHackJustPvP 2days 25hours 32minutes
23:27:28: yude@Vanilla: /onlinetime set NoHackJustPvP 2 days 25 hours 32 minutes
23:27:34: yude@Vanilla: /onlinetime set NoHackJustPvP 2d25h32m
23:27:35: yude@Vanilla: /onlinetime set NoHackJustPvP 2d25h32m
23:27:35: yude@Vanilla: /onlinetime set NoHackJustPvP 2d25h32m
23:27:40: yude@Vanilla: /onlinetime
23:27:45: yude@Vanilla: /ota
23:27:59: yude@Vanilla: /ota set NoHackJustPvP 2 days 25 hours 32 minutes
23:28:12: yude@Vanilla: /ota set NoHackJustPvP 2days25hours32min
23:28:17: yude@Vanilla: /ota set NoHackJustPvP 2:25:32:00
23:28:21: yude@Vanilla: /ota set NoHackJustPvP 2d25h32m
23:28:47: yude@Vanilla: /ota set NoHackJustPvP 2D25M32H
23:29:00: yude@Vanilla: /ota set NoHackJustPvP 2D25H32M
23:29:03: yude@Vanilla: /ota set NoHackJustPvP 2D25H32M00S
23:30:13: yude@Vanilla: /ota set NoHackJustPvP 2day 25hour 32min
23:30:14: yude@Vanilla: /ota set NoHackJustPvP 2D25H32M00S
23:30:15: yude@Vanilla: /ota set NoHackJustPvP 2D25H32M00S
23:30:22: yude@Vanilla: /ot mod
23:30:25: yude@Vanilla: /ota mod
23:30:31: yude@Vanilla: /ota mod NoHacjJustPvP
23:30:34: yude@Vanilla: /ota mod NoHacjJustPvP 2Da
23:30:35: yude@Vanilla: /ota mod NoHacjJustPvP 2Day
23:30:38: yude@Vanilla: /ota mod NoHackJustPvP 2Day
23:30:40: yude@Vanilla: /ota mod NoHackJustPvP 2D
23:30:41: yude@Vanilla: /ota mod NoHackJustPvP 2
23:31:25: yude@Vanilla: /ota set NoHackJustPvP 943887600
23:31:58: yude@Vanilla: /ota set NoHackJustPvP 264720
