22:27:59: yude@Lobby_01: yo
22:28:01: yude@Lobby_01: /v
22:28:02: yude@Lobby_01: yo
22:28:05: yude@Lobby_01: /f
22:28:09: yude@Lobby_01: /f list
22:28:12: yude@Lobby_01: /f add dedetyan
22:28:15: yude@Lobby_01: /f add dedetyan_
22:28:19: yude@Lobby_01: /f add Napstablock
22:28:20: yude@Lobby_01: /glist
22:28:56: yude@Lobby_01: /server build
22:33:04: yude@Lobby_01: /server build
22:33:10: yude@Build: awawawawa
22:34:29: yude@Build: /perms
22:35:50: yude@Build: /gmc Stampy
22:35:58: yude@Build: /f add Stampy
22:37:03: yude@Build: /f force-add Stampy
22:37:09: yude@Build: /f list
22:37:29: yude@Lobby_01: /party
22:37:35: yude@Lobby_01: /friend
22:37:37: yude@Lobby_01: /friend list
22:37:43: yude@Lobby_01: /server build
22:38:28: yude@Build: /tp s
22:38:31: yude@Build: /tp Stampy
22:38:43: yude@Lobby_01: /server build
22:47:41: yude@Build: /f add dedetyan
22:47:42: yude@Build: /f list
22:55:19: yude@Lobby_01: /server build
22:57:51: yude@Build: /send Stampy build
22:57:54: yude@Build: /gamemode 1 Stampy
23:40:57: yude@Build: /npc
23:50:41: yude@Build: /glist
23:52:23: yude@Build: /server Vanilla-v1.14
23:53:27: yude@Lobby_01: /server vanilla
23:58:46: yude@Vanilla: /hub
