23:08:43: yude@Lobby_01: /onlinetime
23:08:44: yude@Lobby_01: /onlinetime
23:09:37: yude@Lobby_01: /onlinetime
23:09:37: yude@Lobby_01: /onlinetime
23:09:38: yude@Lobby_01: /onlinetime
23:09:55: yude@Lobby_01: /greload
23:09:56: yude@Lobby_01: /greload
23:09:56: yude@Lobby_01: /greload
23:10:01: yude@Lobby_01: /onlinetime
23:10:02: yude@Lobby_01: /onlinetime
23:10:03: yude@Lobby_01: /onlinetime
23:10:04: yude@Lobby_01: /onlinetime
23:10:04: yude@Lobby_01: /onlinetime
23:10:06: yude@Lobby_01: /onlinetime save
23:10:09: yude@Lobby_01: /onlinetime
23:10:12: yude@Lobby_01: /onlinetime top
23:10:13: yude@Lobby_01: /onlinetime top
23:10:13: yude@Lobby_01: /onlinetime top
23:10:14: yude@Lobby_01: /onlinetime top
23:19:37: yude@Login: /bungeeonline
23:19:44: yude@Lobby_01: /onlinetime
23:19:45: yude@Lobby_01: /onlinetime
23:19:46: yude@Lobby_01: /onlinetime
23:22:26: yude@Lobby_01: /onlinetime
23:22:26: yude@Lobby_01: /onlinetime
23:22:27: yude@Lobby_01: /onlinetime
23:22:27: yude@Lobby_01: /onlinetime
23:30:12: yude@Lobby_01: /ot
23:40:47: yude@Login: /ot
23:41:57: yude@Login: /ot
23:41:59: yude@Lobby_01: /ot
