20:36:25: yude@Lobby_01: /sync
20:36:34: yude@Lobby_01: /sync
20:36:37: yude@Lobby_01: /pl
20:36:39: yude@Lobby_01: /plugins
20:39:18: yude@Lobby_01: /code
20:39:34: yude@Lobby_01: /auth
20:39:38: yude@Lobby_01: /register
20:39:38: yude@Lobby_01: /code
20:39:43: yude@Lobby_01: /discord
20:39:46: yude@Lobby_01: /discord ?
20:40:51: yude@Lobby_01: /skript reload scripts
20:41:02: yude@Lobby_01: /skript reload scripts
20:41:04: yude@Lobby_01: /code
20:41:12: yude@Lobby_01: /discord unlink
20:41:14: yude@Lobby_01: /discord unlink
20:41:15: yude@Lobby_01: /discord unlink
20:41:17: yude@Lobby_01: /code
20:41:49: yude@Lobby_01: /code
20:41:55: yude@Lobby_01: /discord unlink
20:41:58: yude@Lobby_01: /code
20:44:54: yude@Lobby_01: /server vanilla
